<?xml version="1.0" encoding="UTF-8"?>
<testng-results skipped="0" failed="0" ignored="0" total="1" passed="1">
  <reporter-output>
  </reporter-output>
  <suite name="Default suite" duration-ms="4119" started-at="2022-10-08T16:32:21Z" finished-at="2022-10-08T16:32:25Z">
    <groups>
    </groups>
    <test name="Default test" duration-ms="4119" started-at="2022-10-08T16:32:21Z" finished-at="2022-10-08T16:32:25Z">
      <class name="learntestng.LoginTest2">
        <test-method status="PASS" signature="initDrive()[pri:0, instance:learntestng.LoginTest2@e25b2fe]" name="initDrive" is-config="true" duration-ms="2199" started-at="2022-10-08T11:32:21Z" finished-at="2022-10-08T11:32:23Z">
          <reporter-output>
          </reporter-output>
        </test-method> <!-- initDrive -->
        <test-method status="PASS" signature="loginTest()[pri:0, instance:learntestng.LoginTest2@e25b2fe]" name="loginTest" duration-ms="1044" started-at="2022-10-08T11:32:23Z" finished-at="2022-10-08T11:32:24Z">
          <reporter-output>
          </reporter-output>
        </test-method> <!-- loginTest -->
        <test-method status="PASS" signature="tearDown()[pri:0, instance:learntestng.LoginTest2@e25b2fe]" name="tearDown" is-config="true" duration-ms="862" started-at="2022-10-08T11:32:24Z" finished-at="2022-10-08T11:32:25Z">
          <reporter-output>
          </reporter-output>
        </test-method> <!-- tearDown -->
      </class> <!-- learntestng.LoginTest2 -->
    </test> <!-- Default test -->
  </suite> <!-- Default suite -->
</testng-results>
